<?xml version="1.0" encoding="UTF-8"?>
<testsuite xmlns:xsi="http://www.w3.org/2001/XMLSchema-instance" xsi:schemaLocation="https://maven.apache.org/surefire/maven-surefire-plugin/xsd/surefire-test-report.xsd" name="com.makotojava.learn.odot.dao.CategoryDaoTest$CategoryDaoOptimisticScenariosTest" time="4.656" tests="6" errors="0" skipped="0" failures="0">
  <properties>
[...]
</properties>
  <testcase name="testFindByName" classname="com.makotojava.learn.odot.dao.CategoryDaoTest$CategoryDaoOptimisticScenariosTest" time="0.549"/>
  <testcase name="testFindAll" classname="com.makotojava.learn.odot.dao.CategoryDaoTest$CategoryDaoOptimisticScenariosTest" time="0.516"/>
  <testcase name="testAdd" classname="com.makotojava.learn.odot.dao.CategoryDaoTest$CategoryDaoOptimisticScenariosTest" time="0.525"/>
  <testcase name="testFindById" classname="com.makotojava.learn.odot.dao.CategoryDaoTest$CategoryDaoOptimisticScenariosTest" time="0.527"/>
  <testcase name="testUpdate" classname="com.makotojava.learn.odot.dao.CategoryDaoTest$CategoryDaoOptimisticScenariosTest" time="0.568"/>
  <testcase name="testDelete" classname="com.makotojava.learn.odot.dao.CategoryDaoTest$CategoryDaoOptimisticScenariosTest" time="0.549"/>
</testsuite>